<?xml version="1.0" encoding="UTF-8"?>
<testsuite name="TestStringAndMapBuilders" tests="1" skipped="0" failures="0" errors="0" timestamp="2024-10-12T19:52:31" hostname="necalli.local" time="0.002">
  <properties/>
  <testcase name="testBuildMap" classname="TestStringAndMapBuilders" time="0.002"/>
  <system-out><![CDATA[]]></system-out>
  <system-err><![CDATA[]]></system-err>
</testsuite>
