<?xml version="1.0" encoding="UTF-8"?>
<testsuite name="TestFlatMap" tests="2" skipped="0" failures="0" errors="0" timestamp="2024-10-12T17:23:28" hostname="necalli.local" time="0.012">
  <properties/>
  <testcase name="testGetOrderedProductsSet" classname="TestFlatMap" time="0.012"/>
  <testcase name="testGetAllOrderedProducts" classname="TestFlatMap" time="0.0"/>
  <system-out><![CDATA[]]></system-out>
  <system-err><![CDATA[]]></system-err>
</testsuite>
