<?xml version="1.0" encoding="UTF-8"?>
<testsuite name="TestMaxMin" tests="2" skipped="0" failures="0" errors="0" timestamp="2024-10-12T17:32:24" hostname="necalli.local" time="0.012">
  <properties/>
  <testcase name="testTheMostExpensiveOrderedProduct" classname="TestMaxMin" time="0.011"/>
  <testcase name="testCustomerWithMaximumNumberOfOrders" classname="TestMaxMin" time="0.001"/>
  <system-out><![CDATA[]]></system-out>
  <system-err><![CDATA[]]></system-err>
</testsuite>
