<?xml version="1.0" encoding="UTF-8"?>
<testsuite name="TestNamedArguments" tests="1" skipped="0" failures="0" errors="0" timestamp="2024-08-26T19:16:59" hostname="necalli.local" time="0.015">
  <properties/>
  <testcase name="testJoinToString" classname="TestNamedArguments" time="0.015"/>
  <system-out><![CDATA[]]></system-out>
  <system-err><![CDATA[]]></system-err>
</testsuite>
