<?xml version="1.0" encoding="UTF-8"?>
<testsuite name="Test" tests="1" skipped="0" failures="0" errors="0" timestamp="2024-08-27T16:35:37" hostname="necalli.local" time="0.011">
  <properties/>
  <testcase name="testRandom" classname="Test" time="0.011"/>
  <system-out><![CDATA[]]></system-out>
  <system-err><![CDATA[]]></system-err>
</testsuite>
