<?xml version="1.0" encoding="UTF-8"?>
<testsuite name="TestDataClasses" tests="2" skipped="0" failures="0" errors="0" timestamp="2024-08-27T11:58:22" hostname="necalli.local" time="0.006">
  <properties/>
  <testcase name="testComparePeople" classname="TestDataClasses" time="0.001"/>
  <testcase name="testListOfPeople" classname="TestDataClasses" time="0.005"/>
  <system-out><![CDATA[]]></system-out>
  <system-err><![CDATA[]]></system-err>
</testsuite>
