<?xml version="1.0" encoding="UTF-8"?>
<testsuite name="TestSum" tests="2" skipped="0" failures="0" errors="0" timestamp="2024-10-12T17:36:33" hostname="necalli.local" time="0.02">
  <properties/>
  <testcase name="testGetTotalOrderPrice" classname="TestSum" time="0.019"/>
  <testcase name="testGetTotalOrderPrice1" classname="TestSum" time="0.001"/>
  <system-out><![CDATA[]]></system-out>
  <system-err><![CDATA[]]></system-err>
</testsuite>
