<?xml version="1.0" encoding="UTF-8"?>
<testsuite name="TestHtmlBuilders" tests="2" skipped="0" failures="0" errors="0" timestamp="2024-10-12T19:57:58" hostname="necalli.local" time="0.012">
  <properties/>
  <testcase name="productTableIsColored" classname="TestHtmlBuilders" time="0.011"/>
  <testcase name="productTableIsFilled" classname="TestHtmlBuilders" time="0.0"/>
  <system-out><![CDATA[]]></system-out>
  <system-err><![CDATA[]]></system-err>
</testsuite>
