<?xml version="1.0" encoding="UTF-8"?>
<testsuite name="TestExtensionFunctionLiterals" tests="1" skipped="0" failures="0" errors="0" timestamp="2024-10-12T19:50:20" hostname="necalli.local" time="0.007">
  <properties/>
  <testcase name="testIsOddAndIsEven" classname="TestExtensionFunctionLiterals" time="0.007"/>
  <system-out><![CDATA[]]></system-out>
  <system-err><![CDATA[]]></system-err>
</testsuite>
