<?xml version="1.0" encoding="UTF-8"?>
<testsuite name="TestForLoop" tests="2" skipped="0" failures="0" errors="0" timestamp="2024-08-28T13:53:01" hostname="necalli.local" time="0.004">
  <properties/>
  <testcase name="testIterateOverDateRange" classname="TestForLoop" time="0.003"/>
  <testcase name="testIterateOverEmptyRange" classname="TestForLoop" time="0.001"/>
  <system-out><![CDATA[]]></system-out>
  <system-err><![CDATA[]]></system-err>
</testsuite>
